============================= test session starts =============================
platform win32 -- Python 3.12.12, pytest-9.0.1, pluggy-1.6.0 -- C:\Users\brian\Documents\GitHub\DataManip\.venv\Scripts\python.exe
cachedir: .pytest_cache
PySide6 6.10.0 -- Qt runtime 6.10.0 -- Qt compiled 6.10.0
rootdir: C:\Users\brian\Documents\GitHub\DataManip
configfile: pyproject.toml
plugins: cov-7.0.0, qt-4.5.0
collecting ... collected 245 items

tests/unit/core/test_data_object.py::TestDataObjectCreation::test_from_dict PASSED [  0%]
tests/unit/core/test_data_object.py::TestDataObjectCreation::test_from_array_1d PASSED [  0%]
tests/unit/core/test_data_object.py::TestDataObjectCreation::test_from_array_2d PASSED [  1%]
tests/unit/core/test_data_object.py::TestDataObjectCreation::test_empty PASSED [  1%]
tests/unit/core/test_data_object.py::TestDataObjectOperations::test_get_set_column PASSED [  2%]
tests/unit/core/test_data_object.py::TestDataObjectOperations::test_add_remove_column PASSED [  2%]
tests/unit/core/test_data_object.py::TestDataObjectOperations::test_copy PASSED [  2%]
tests/unit/core/test_data_object.py::TestDataObjectSerialization::test_to_dict PASSED [  3%]
tests/unit/core/test_formula_engine.py::TestDependencyExtraction::test_simple_dependency PASSED [  3%]
tests/unit/core/test_formula_engine.py::TestDependencyExtraction::test_no_dependencies PASSED [  4%]
tests/unit/core/test_formula_engine.py::TestDependencyExtraction::test_complex_formula PASSED [  4%]
tests/unit/core/test_formula_engine.py::TestDependencyExtraction::test_duplicate_dependencies PASSED [  4%]
tests/unit/core/test_formula_engine.py::TestFormulaEvaluation::test_scalar_formula PASSED [  5%]
tests/unit/core/test_formula_engine.py::TestFormulaEvaluation::test_array_formula PASSED [  5%]
tests/unit/core/test_formula_engine.py::TestFormulaEvaluation::test_mixed_scalar_array PASSED [  6%]
tests/unit/core/test_formula_engine.py::TestFormulaEvaluation::test_numpy_functions PASSED [  6%]
tests/unit/core/test_formula_engine.py::TestFormulaEvaluation::test_missing_dependency PASSED [  6%]
tests/unit/core/test_formula_engine.py::TestDependencyTracking::test_register_formula PASSED [  7%]
tests/unit/core/test_formula_engine.py::TestDependencyTracking::test_simple_calculation_order PASSED [  7%]
tests/unit/core/test_formula_engine.py::TestDependencyTracking::test_independent_formulas PASSED [  8%]
tests/unit/core/test_formula_engine.py::TestDependencyTracking::test_circular_dependency PASSED [  8%]
tests/unit/core/test_formula_engine.py::TestDependencyTracking::test_complex_dependency_chain PASSED [  8%]
tests/unit/core/test_formula_engine.py::TestFormulaValidation::test_valid_formula PASSED [  9%]
tests/unit/core/test_formula_engine.py::TestFormulaValidation::test_undefined_variable PASSED [  9%]
tests/unit/core/test_formula_engine.py::TestFormulaValidation::test_syntax_error PASSED [ 10%]
tests/unit/core/test_formula_engine.py::TestVariableRenaming::test_rename_dependency PASSED [ 10%]
tests/unit/core/test_formula_engine.py::TestVariableRenaming::test_rename_target PASSED [ 11%]
tests/unit/core/test_formula_engine.py::TestVariableRenaming::test_rename_multiple_dependencies PASSED [ 11%]
tests/unit/core/test_formula_engine.py::TestVariableRenaming::test_rename_preserves_other_dependencies PASSED [ 11%]
tests/unit/core/test_undo_manager.py::TestUndoManager::test_initialization PASSED [ 12%]
tests/unit/core/test_undo_manager.py::TestUndoManager::test_custom_max_history PASSED [ 12%]
tests/unit/core/test_undo_manager.py::TestUndoManager::test_push_action PASSED [ 13%]
tests/unit/core/test_undo_manager.py::TestUndoManager::test_undo_action PASSED [ 13%]
tests/unit/core/test_undo_manager.py::TestUndoManager::test_redo_action PASSED [ 13%]
tests/unit/core/test_undo_manager.py::TestUndoManager::test_redo_clears_on_new_action PASSED [ 14%]
tests/unit/core/test_undo_manager.py::TestUndoManager::test_max_history_limit PASSED [ 14%]
tests/unit/core/test_undo_manager.py::TestUndoManager::test_get_undo_description PASSED [ 15%]
tests/unit/core/test_undo_manager.py::TestUndoManager::test_get_redo_description PASSED [ 15%]
tests/unit/core/test_undo_manager.py::TestUndoManager::test_clear_history PASSED [ 15%]
tests/unit/core/test_undo_manager.py::TestUndoManager::test_enable_disable PASSED [ 16%]
tests/unit/core/test_undo_manager.py::TestUndoManager::test_get_history PASSED [ 16%]
tests/unit/core/test_undo_manager.py::TestUndoContext::test_disable_tracking PASSED [ 17%]
tests/unit/core/test_undo_manager.py::TestUndoContext::test_restore_previous_state PASSED [ 17%]
tests/unit/core/test_undo_manager.py::TestDataTableStudyUndo::test_remove_column_undo PASSED [ 17%]
tests/unit/core/test_undo_manager.py::TestDataTableStudyUndo::test_remove_column_redo PASSED [ 18%]
tests/unit/core/test_undo_manager.py::TestDataTableStudyUndo::test_rename_column_undo PASSED [ 18%]
tests/unit/core/test_undo_manager.py::TestDataTableStudyUndo::test_rename_column_redo PASSED [ 19%]
tests/unit/core/test_undo_manager.py::TestDataTableStudyUndo::test_undo_preserves_metadata PASSED [ 19%]
tests/unit/core/test_undo_manager.py::TestDataTableStudyUndo::test_undo_manager_initialized PASSED [ 20%]
tests/unit/core/test_undo_manager.py::TestDataTableStudyUndo::test_multiple_operations PASSED [ 20%]
tests/unit/core/test_undo_manager.py::TestDataTableStudyUndo::test_add_column_undo PASSED [ 20%]
tests/unit/core/test_undo_manager.py::TestDataTableStudyUndo::test_add_column_redo PASSED [ 21%]
tests/unit/core/test_undo_manager.py::TestDataTableStudyUndo::test_add_calculated_column_undo PASSED [ 21%]
tests/unit/core/test_undo_manager.py::TestDataTableStudyUndo::test_add_column_preserves_metadata PASSED [ 22%]
tests/unit/core/test_undo_manager.py::TestDataTableStudyUndo::test_add_column_with_uncertainty_undo PASSED [ 22%]
tests/unit/core/test_workspace.py::TestWorkspaceCreation::test_create_workspace PASSED [ 22%]
tests/unit/core/test_workspace.py::TestWorkspaceCreation::test_workspace_repr PASSED [ 23%]
tests/unit/core/test_workspace.py::TestStudyManagement::test_add_multiple_studies PASSED [ 23%]
tests/unit/core/test_workspace.py::TestStudyManagement::test_add_study PASSED [ 24%]
tests/unit/core/test_workspace.py::TestStudyManagement::test_get_nonexistent_study PASSED [ 24%]
tests/unit/core/test_workspace.py::TestStudyManagement::test_get_study PASSED [ 24%]
tests/unit/core/test_workspace.py::TestStudyManagement::test_list_studies PASSED [ 25%]
tests/unit/core/test_workspace.py::TestStudyManagement::test_remove_nonexistent_study PASSED [ 25%]
tests/unit/core/test_workspace.py::TestStudyManagement::test_remove_study PASSED [ 26%]
tests/unit/core/test_workspace.py::TestStudyManagement::test_replace_study_same_name PASSED [ 26%]
tests/unit/core/test_workspace.py::TestConstantsSystem::test_add_calculated_variable PASSED [ 26%]
tests/unit/core/test_workspace.py::TestConstantsSystem::test_add_constant_without_unit PASSED [ 27%]
tests/unit/core/test_workspace.py::TestConstantsSystem::test_add_function PASSED [ 27%]
tests/unit/core/test_workspace.py::TestConstantsSystem::test_add_function_without_unit PASSED [ 28%]
tests/unit/core/test_workspace.py::TestConstantsSystem::test_add_numeric_constant PASSED [ 28%]
tests/unit/core/test_workspace.py::TestConstantsSystem::test_get_nonexistent_constant PASSED [ 28%]
tests/unit/core/test_workspace.py::TestConstantsSystem::test_multiple_constants PASSED [ 29%]
tests/unit/core/test_workspace.py::TestConstantsSystem::test_remove_constant PASSED [ 29%]
tests/unit/core/test_workspace.py::TestConstantsSystem::test_remove_nonexistent_constant PASSED [ 30%]
tests/unit/core/test_workspace.py::TestConstantsSystem::test_replace_constant PASSED [ 30%]
tests/unit/core/test_workspace.py::TestWorkspaceSerialization::test_from_dict PASSED [ 31%]
tests/unit/core/test_workspace.py::TestWorkspaceSerialization::test_from_dict_minimal PASSED [ 31%]
tests/unit/core/test_workspace.py::TestWorkspaceSerialization::test_roundtrip_serialization PASSED [ 31%]
tests/unit/core/test_workspace.py::TestWorkspaceSerialization::test_to_dict_empty PASSED [ 32%]
tests/unit/core/test_workspace.py::TestWorkspaceSerialization::test_to_dict_with_constants PASSED [ 32%]
tests/unit/core/test_workspace.py::TestWorkspaceSerialization::test_to_dict_with_metadata PASSED [ 33%]
tests/unit/core/test_workspace_persistence.py::TestWorkspacePersistence::test_empty_workspace_roundtrip PASSED [ 33%]
tests/unit/core/test_workspace_persistence.py::TestWorkspacePersistence::test_single_study_roundtrip PASSED [ 33%]
tests/unit/core/test_workspace_persistence.py::TestWorkspacePersistence::test_multiple_studies_roundtrip PASSED [ 34%]
tests/unit/core/test_workspace_persistence.py::TestWorkspacePersistence::test_calculated_columns_roundtrip PASSED [ 34%]
tests/unit/core/test_workspace_persistence.py::TestWorkspacePersistence::test_constants_roundtrip PASSED [ 35%]
tests/unit/core/test_workspace_persistence.py::TestWorkspacePersistence::test_numpy_float_roundtrip PASSED [ 35%]
tests/unit/core/test_workspace_persistence.py::TestWorkspacePersistence::test_metadata_preservation PASSED [ 35%]
tests/unit/core/test_workspace_persistence.py::TestWorkspacePersistence::test_complex_workspace_roundtrip PASSED [ 36%]
tests/unit/core/test_workspace_persistence.py::TestWorkspacePersistence::test_json_format_validity PASSED [ 36%]
tests/unit/studies/test_calculated_constants.py::TestCalculatedConstantsInFormulas::test_simple_calculated_constant PASSED [ 37%]
tests/unit/studies/test_calculated_constants.py::TestCalculatedConstantsInFormulas::test_calculated_constant_with_formula PASSED [ 37%]
tests/unit/studies/test_calculated_constants.py::TestCalculatedConstantsInFormulas::test_calculated_constant_referencing_calculated PASSED [ 37%]
tests/unit/studies/test_calculated_constants.py::TestCalculatedConstantsInFormulas::test_calculated_constant_with_custom_function FAILED [ 38%]
tests/unit/studies/test_calculated_constants.py::TestCalculatedConstantsInFormulas::test_calculated_constant_with_numpy_functions PASSED [ 38%]
tests/unit/studies/test_custom_functions.py::TestCustomFunctions::test_simple_function_in_formula FAILED [ 39%]
tests/unit/studies/test_custom_functions.py::TestCustomFunctions::test_function_with_multiple_parameters FAILED [ 39%]
tests/unit/studies/test_custom_functions.py::TestCustomFunctions::test_function_with_constants FAILED [ 40%]
tests/unit/studies/test_custom_functions.py::TestCustomFunctions::test_nested_function_calls FAILED [ 40%]
tests/unit/studies/test_custom_functions.py::TestCustomFunctions::test_function_with_numpy_functions FAILED [ 40%]
tests/unit/studies/test_data_table_study.py::TestDataTableStudyCreation::test_create_study PASSED [ 41%]
tests/unit/studies/test_data_table_study.py::TestDataTableStudyCreation::test_get_type PASSED [ 41%]
tests/unit/studies/test_data_table_study.py::TestColumnManagement::test_add_calculated_column PASSED [ 42%]
tests/unit/studies/test_data_table_study.py::TestColumnManagement::test_add_data_column PASSED [ 42%]
tests/unit/studies/test_data_table_study.py::TestColumnManagement::test_add_data_column_without_unit PASSED [ 42%]
tests/unit/studies/test_data_table_study.py::TestColumnManagement::test_add_multiple_columns PASSED [ 43%]
tests/unit/studies/test_data_table_study.py::TestColumnManagement::test_remove_calculated_column_clears_metadata PASSED [ 43%]
tests/unit/studies/test_data_table_study.py::TestColumnManagement::test_remove_column PASSED [ 44%]
tests/unit/studies/test_data_table_study.py::TestRowManagement::test_add_rows PASSED [ 44%]
tests/unit/studies/test_data_table_study.py::TestRowManagement::test_remove_multiple_rows PASSED [ 44%]
tests/unit/studies/test_data_table_study.py::TestDataManipulation::test_get_column_data PASSED [ 45%]
tests/unit/studies/test_data_table_study.py::TestDataManipulation::test_set_column_data PASSED [ 45%]
tests/unit/studies/test_data_table_study.py::TestVariables::test_add_constant_to_workspace PASSED [ 46%]
tests/unit/studies/test_data_table_study.py::TestVariables::test_add_constant_without_unit PASSED [ 46%]
tests/unit/studies/test_data_table_study.py::TestVariables::test_remove_constant PASSED [ 46%]
tests/unit/studies/test_data_table_study.py::TestSerialization::test_to_dict_constants_at_workspace_level PASSED [ 47%]
tests/unit/studies/test_data_table_study.py::TestSerialization::test_to_dict_empty PASSED [ 47%]
tests/unit/studies/test_data_table_study.py::TestColumnTypes::test_calculated_column_type PASSED [ 48%]
tests/unit/studies/test_data_table_study.py::TestColumnTypes::test_data_column_type PASSED [ 48%]
tests/unit/studies/test_derivatives.py::TestDerivativeColumns::test_first_derivative_linear PASSED [ 48%]
tests/unit/studies/test_derivatives.py::TestDerivativeColumns::test_first_derivative_quadratic PASSED [ 49%]
tests/unit/studies/test_derivatives.py::TestDerivativeColumns::test_second_derivative PASSED [ 49%]
tests/unit/studies/test_derivatives.py::TestDerivativeColumns::test_derivative_of_sine PASSED [ 50%]
tests/unit/studies/test_derivatives.py::TestDerivativeColumns::test_derivative_recalculates_on_data_change PASSED [ 50%]
tests/unit/studies/test_derivatives.py::TestDerivativeColumns::test_velocity_from_position PASSED [ 51%]
tests/unit/studies/test_dirty_tracking.py::TestDirtyFlagTracking::test_dirty_flag_basic PASSED [ 51%]
tests/unit/studies/test_dirty_tracking.py::TestDirtyFlagTracking::test_dirty_chain_propagation PASSED [ 51%]
tests/unit/studies/test_dirty_tracking.py::TestDirtyFlagTracking::test_independent_columns_not_affected PASSED [ 52%]
tests/unit/studies/test_dirty_tracking.py::TestDirtyFlagTracking::test_mark_clean PASSED [ 52%]
tests/unit/studies/test_dirty_tracking.py::TestBatchOperations::test_batch_column_add PASSED [ 53%]
tests/unit/studies/test_dirty_tracking.py::TestBatchOperations::test_batch_with_dependencies PASSED [ 53%]
tests/unit/studies/test_dirty_tracking.py::TestBatchOperations::test_batch_efficiency PASSED [ 53%]
tests/unit/studies/test_dirty_tracking.py::TestDependencyLevels::test_dependency_levels_simple PASSED [ 54%]
tests/unit/studies/test_dirty_tracking.py::TestDependencyLevels::test_dependency_levels_parallel_chains PASSED [ 54%]
tests/unit/studies/test_dirty_tracking.py::TestDependencyLevels::test_dependency_levels_complex PASSED [ 55%]
tests/unit/studies/test_dirty_tracking.py::TestLazyRecalculation::test_only_dirty_recalculated PASSED [ 55%]
tests/unit/studies/test_plot_study.py::TestPlotStudy::test_create_plot_study PASSED [ 55%]
tests/unit/studies/test_plot_study.py::TestPlotStudy::test_add_series PASSED [ 56%]
tests/unit/studies/test_plot_study.py::TestPlotStudy::test_get_data_for_series PASSED [ 56%]
tests/unit/studies/test_plot_study.py::TestPlotStudy::test_remove_series PASSED [ 57%]
tests/unit/studies/test_plot_study.py::TestPlotStudy::test_clear_series PASSED [ 57%]
tests/unit/studies/test_plot_study.py::TestPlotStudy::test_serialization PASSED [ 57%]
tests/unit/studies/test_plot_study.py::TestPlotStudy::test_workspace_save_load PASSED [ 58%]
tests/unit/studies/test_plot_study.py::TestPlotStudy::test_multiple_series PASSED [ 58%]
tests/unit/studies/test_ranges.py::TestRangeColumns::test_linspace_basic PASSED [ 59%]
tests/unit/studies/test_ranges.py::TestRangeColumns::test_arange_basic PASSED [ 59%]
tests/unit/studies/test_ranges.py::TestRangeColumns::test_arange_default_step PASSED [ 60%]
tests/unit/studies/test_ranges.py::TestRangeColumns::test_logspace_basic PASSED [ 60%]
tests/unit/studies/test_ranges.py::TestRangeColumns::test_range_sets_table_size PASSED [ 60%]
tests/unit/studies/test_ranges.py::TestRangeColumns::test_range_column_with_calculated PASSED [ 61%]
tests/unit/studies/test_ranges.py::TestRangeColumns::test_multiple_range_columns PASSED [ 61%]
tests/unit/studies/test_ranges.py::TestRangeColumns::test_range_metadata_preserved PASSED [ 62%]
tests/unit/studies/test_ranges.py::TestRangeColumns::test_time_series_example PASSED [ 62%]
tests/unit/studies/test_rename_column.py::TestRenameColumn::test_rename_simple_column PASSED [ 62%]
tests/unit/studies/test_rename_column.py::TestRenameColumn::test_rename_updates_dependent_formulas PASSED [ 63%]
tests/unit/studies/test_rename_column.py::TestRenameColumn::test_rename_cascades_through_dependencies PASSED [ 63%]
tests/unit/studies/test_statistics_study.py::TestStatisticsStudyCreation::test_create_study PASSED [ 64%]
tests/unit/studies/test_statistics_study.py::TestStatisticsStudyCreation::test_create_with_source PASSED [ 64%]
tests/unit/studies/test_statistics_study.py::TestSourceManagement::test_set_source_study PASSED [ 64%]
tests/unit/studies/test_statistics_study.py::TestSourceManagement::test_get_source_data_without_workspace PASSED [ 65%]
tests/unit/studies/test_statistics_study.py::TestSourceManagement::test_get_available_columns_without_workspace PASSED [ 65%]
tests/unit/studies/test_statistics_study.py::TestStatisticalAnalysis::test_get_source_data PASSED [ 66%]
tests/unit/studies/test_statistics_study.py::TestStatisticalAnalysis::test_get_available_columns PASSED [ 66%]
tests/unit/studies/test_statistics_study.py::TestStatisticalAnalysis::test_analyze_column_basic PASSED [ 66%]
tests/unit/studies/test_statistics_study.py::TestStatisticalAnalysis::test_analyze_column_variance_std PASSED [ 67%]
tests/unit/studies/test_statistics_study.py::TestStatisticalAnalysis::test_analyze_column_quartiles PASSED [ 67%]
tests/unit/studies/test_statistics_study.py::TestStatisticalAnalysis::test_skewness_symmetric_data PASSED [ 68%]
tests/unit/studies/test_statistics_study.py::TestStatisticalAnalysis::test_kurtosis_uniform_data PASSED [ 68%]
tests/unit/studies/test_statistics_study.py::TestStatisticalAnalysis::test_analyze_with_nan_values PASSED [ 68%]
tests/unit/studies/test_statistics_study.py::TestStatisticalAnalysis::test_analyze_with_inf_values PASSED [ 69%]
tests/unit/studies/test_statistics_study.py::TestStatisticalAnalysis::test_analyze_empty_column PASSED [ 69%]
tests/unit/studies/test_statistics_study.py::TestStatisticalAnalysis::test_get_results PASSED [ 70%]
tests/unit/studies/test_statistics_study.py::TestStatisticalAnalysis::test_get_results_not_analyzed PASSED [ 70%]
tests/unit/studies/test_statistics_study.py::TestStatisticalAnalysis::test_clear_results PASSED [ 71%]
tests/unit/studies/test_statistics_study.py::TestEdgeCases::test_skewness_insufficient_data PASSED [ 71%]
tests/unit/studies/test_statistics_study.py::TestEdgeCases::test_kurtosis_insufficient_data PASSED [ 71%]
tests/unit/studies/test_statistics_study.py::TestEdgeCases::test_constant_data PASSED [ 72%]
tests/unit/studies/test_statistics_study.py::TestSerialization::test_to_dict_empty PASSED [ 72%]
tests/unit/studies/test_statistics_study.py::TestSerialization::test_to_dict_with_results PASSED [ 73%]
tests/unit/studies/test_statistics_study.py::TestSerialization::test_from_dict PASSED [ 73%]
tests/unit/studies/test_statistics_study.py::TestSerialization::test_roundtrip_serialization PASSED [ 73%]
tests/unit/studies/test_uncertainty_propagation.py::TestUncertaintyPropagationBasics::test_propagate_uncertainty_flag PASSED [ 74%]
tests/unit/studies/test_uncertainty_propagation.py::TestUncertaintyPropagationBasics::test_uncertainty_column_created PASSED [ 74%]
tests/unit/studies/test_uncertainty_propagation.py::TestUncertaintyPropagationBasics::test_simple_multiplication_uncertainty PASSED [ 75%]
tests/unit/studies/test_uncertainty_propagation.py::TestUncertaintyPropagationBasics::test_simple_addition_uncertainty PASSED [ 75%]
tests/unit/studies/test_uncertainty_propagation.py::TestUncertaintyPropagationBasics::test_power_operation_uncertainty PASSED [ 75%]
tests/unit/studies/test_uncertainty_propagation.py::TestUncertaintyPropagationComplex::test_division_uncertainty PASSED [ 76%]
tests/unit/studies/test_uncertainty_propagation.py::TestUncertaintyPropagationComplex::test_complex_formula_uncertainty PASSED [ 76%]
tests/unit/studies/test_uncertainty_propagation.py::TestUncertaintyPropagationFunctions::test_sqrt_uncertainty PASSED [ 77%]
tests/unit/studies/test_uncertainty_propagation.py::TestUncertaintyPropagationFunctions::test_sin_uncertainty PASSED [ 77%]
tests/unit/studies/test_uncertainty_propagation.py::TestUncertaintyPropagationEdgeCases::test_no_uncertainty_columns_available PASSED [ 77%]
tests/unit/studies/test_uncertainty_propagation.py::TestUncertaintyPropagationEdgeCases::test_partial_uncertainty_columns PASSED [ 78%]
tests/unit/studies/test_uncertainty_propagation.py::TestUncertaintyPropagationEdgeCases::test_uncertainty_updates_on_data_change PASSED [ 78%]
tests/unit/ui/test_notification_manager.py::TestToastNotification::test_initialization PASSED [ 79%]
tests/unit/ui/test_notification_manager.py::TestToastNotification::test_custom_duration PASSED [ 79%]
tests/unit/ui/test_notification_manager.py::TestToastNotification::test_opacity_effect PASSED [ 80%]
tests/unit/ui/test_notification_manager.py::TestToastNotification::test_animations_exist PASSED [ 80%]
tests/unit/ui/test_notification_manager.py::TestToastNotification::test_show_notification PASSED [ 80%]
tests/unit/ui/test_notification_manager.py::TestToastNotification::test_positioning PASSED [ 81%]
tests/unit/ui/test_notification_manager.py::TestNotificationManager::test_initialization PASSED [ 81%]
tests/unit/ui/test_notification_manager.py::TestNotificationManager::test_show_info PASSED [ 82%]
tests/unit/ui/test_notification_manager.py::TestNotificationManager::test_show_success PASSED [ 82%]
tests/unit/ui/test_notification_manager.py::TestNotificationManager::test_show_warning PASSED [ 82%]
tests/unit/ui/test_notification_manager.py::TestNotificationManager::test_show_error PASSED [ 83%]
tests/unit/ui/test_notification_manager.py::TestNotificationManager::test_multiple_notifications PASSED [ 83%]
tests/unit/ui/test_notification_manager.py::TestNotificationManager::test_notification_types PASSED [ 84%]
tests/unit/ui/test_notification_manager.py::TestNotificationManager::test_custom_duration_info PASSED [ 84%]
tests/unit/ui/test_notification_manager.py::TestNotificationManager::test_custom_duration_warning PASSED [ 84%]
tests/unit/ui/test_notification_manager.py::TestNotificationManager::test_custom_duration_error PASSED [ 85%]
tests/unit/ui/test_notification_manager.py::TestProgressNotification::test_initialization PASSED [ 85%]
tests/unit/ui/test_notification_manager.py::TestProgressNotification::test_show_progress PASSED [ 86%]
tests/unit/ui/test_notification_manager.py::TestProgressNotification::test_update_message PASSED [ 86%]
tests/unit/ui/test_notification_manager.py::TestProgressNotification::test_finish_success PASSED [ 86%]
tests/unit/ui/test_notification_manager.py::TestProgressNotification::test_finish_failure PASSED [ 87%]
tests/unit/ui/test_notification_manager.py::TestProgressNotification::test_finish_without_message PASSED [ 87%]
tests/unit/ui/test_notification_manager.py::TestProgressNotification::test_opacity_effect PASSED [ 88%]
tests/unit/ui/test_notification_manager.py::TestProgressNotification::test_fade_in_animation PASSED [ 88%]
tests/unit/ui/test_notification_manager.py::TestProgressNotification::test_positioning PASSED [ 88%]
tests/unit/ui/test_notification_manager.py::TestNotificationIntegration::test_manager_with_multiple_types PASSED [ 89%]
tests/unit/ui/test_notification_manager.py::TestNotificationIntegration::test_notification_stacking PASSED [ 89%]
tests/unit/ui/test_notification_manager.py::TestNotificationIntegration::test_progress_with_manager PASSED [ 90%]
tests/unit/ui/test_notification_manager.py::TestNotificationIntegration::test_notification_styles PASSED [ 90%]
tests/unit/ui/test_plot_export.py::test_plot_export_requires_series PASSED [ 91%]
tests/unit/ui/test_plot_export.py::test_plot_export_with_data PASSED     [ 91%]
tests/unit/ui/test_preferences_dialog.py::TestPreferencesDialog::test_initialization PASSED [ 91%]
tests/unit/ui/test_preferences_dialog.py::TestPreferencesDialog::test_default_settings PASSED [ 92%]
tests/unit/ui/test_preferences_dialog.py::TestPreferencesDialog::test_load_values PASSED [ 92%]
tests/unit/ui/test_preferences_dialog.py::TestPreferencesDialog::test_collect_values PASSED [ 93%]
tests/unit/ui/test_preferences_dialog.py::TestPreferencesDialog::test_theme_options PASSED [ 93%]
tests/unit/ui/test_preferences_dialog.py::TestPreferencesDialog::test_precision_range PASSED [ 93%]
tests/unit/ui/test_preferences_dialog.py::TestPreferencesDialog::test_autosave_interval_range PASSED [ 94%]
tests/unit/ui/test_preferences_dialog.py::TestPreferencesDialog::test_max_workers_range PASSED [ 94%]
tests/unit/ui/test_preferences_dialog.py::TestPreferencesDialog::test_max_undo_steps_range PASSED [ 95%]
tests/unit/ui/test_preferences_dialog.py::TestPreferencesDialog::test_recent_files_range PASSED [ 95%]
tests/unit/ui/test_preferences_dialog.py::TestPreferencesDialog::test_confirmations_group PASSED [ 95%]
tests/unit/ui/test_preferences_dialog.py::TestPreferencesDialog::test_table_display_options PASSED [ 96%]
tests/unit/ui/test_preferences_dialog.py::TestPreferencesDialog::test_performance_options PASSED [ 96%]
tests/unit/ui/test_preferences_dialog.py::TestPreferencesDialog::test_get_settings_static_method PASSED [ 97%]
tests/unit/ui/test_preferences_dialog.py::TestPreferencesDialog::test_settings_signal PASSED [ 97%]
tests/unit/ui/test_preferences_dialog.py::TestPreferencesDialog::test_recent_files_list PASSED [ 97%]
tests/unit/ui/test_preferences_dialog.py::TestPreferencesPersistence::test_save_load_settings PASSED [ 98%]
tests/unit/ui/test_preferences_dialog.py::TestPreferencesPersistence::test_settings_file_location PASSED [ 98%]
tests/unit/ui/test_preferences_dialog.py::TestPreferencesPersistence::test_invalid_settings_file PASSED [ 99%]
tests/unit/ui/test_preferences_dialog.py::TestPreferencesDialogButtons::test_cancel_button PASSED [ 99%]
tests/unit/ui/test_preferences_dialog.py::TestPreferencesDialogButtons::test_apply_button_emits_signal PASSED [100%]

================================== FAILURES ===================================
_ TestCalculatedConstantsInFormulas.test_calculated_constant_with_custom_function _
tests\unit\studies\test_calculated_constants.py:92: in test_calculated_constant_with_custom_function
    np.testing.assert_array_almost_equal(result, expected, decimal=1)
E   AssertionError: 
E   Arrays are not almost equal to 1 decimals
E   
E   nan location mismatch:
E    ACTUAL: array([nan, nan, nan])
E    DESIRED: array([25., 50., 75.])
------------------------------ Captured log call ------------------------------
WARNING  core.formula_engine:formula_engine.py:187 Failed to evaluate calculated constant 'squared_base': unsupported operand type(s) for ** or pow(): 'set' and 'int'
_____________ TestCustomFunctions.test_simple_function_in_formula _____________
tests\unit\studies\test_custom_functions.py:34: in test_simple_function_in_formula
    np.testing.assert_array_almost_equal(y_values, expected)
E   AssertionError: 
E   Arrays are not almost equal to 6 decimals
E   
E   nan location mismatch:
E    ACTUAL: array([nan, nan, nan, nan, nan])
E    DESIRED: array([ 1.,  4.,  9., 16., 25.])
_________ TestCustomFunctions.test_function_with_multiple_parameters __________
tests\unit\studies\test_custom_functions.py:56: in test_function_with_multiple_parameters
    np.testing.assert_array_almost_equal(d_values, expected)
E   AssertionError: 
E   Arrays are not almost equal to 6 decimals
E   
E   nan location mismatch:
E    ACTUAL: array([nan, nan, nan])
E    DESIRED: array([ 5., 13., 17.])
______________ TestCustomFunctions.test_function_with_constants _______________
tests\unit\studies\test_custom_functions.py:81: in test_function_with_constants
    np.testing.assert_array_almost_equal(ke_values, expected)
E   AssertionError: 
E   Arrays are not almost equal to 6 decimals
E   
E   nan location mismatch:
E    ACTUAL: array([nan, nan, nan])
E    DESIRED: array([  50.,  400., 1350.])
_______________ TestCustomFunctions.test_nested_function_calls ________________
tests\unit\studies\test_custom_functions.py:102: in test_nested_function_calls
    np.testing.assert_array_almost_equal(y_values, expected)
E   AssertionError: 
E   Arrays are not almost equal to 6 decimals
E   
E   nan location mismatch:
E    ACTUAL: array([nan, nan, nan])
E    DESIRED: array([ 5., 10., 15.])
___________ TestCustomFunctions.test_function_with_numpy_functions ____________
tests\unit\studies\test_custom_functions.py:125: in test_function_with_numpy_functions
    np.testing.assert_array_almost_equal(mag_values, expected)
E   AssertionError: 
E   Arrays are not almost equal to 6 decimals
E   
E   nan location mismatch:
E    ACTUAL: array([nan, nan, nan])
E    DESIRED: array([3.741657, 5.385165, 7.071068])
============================== warnings summary ===============================
tests/unit/ui/test_plot_export.py::test_plot_export_with_data
  C:\Users\brian\Documents\GitHub\DataManip\src\studies\plot_study.py:197: UserWarning: No artists with labels found to put in legend.  Note that artists whose label start with an underscore are ignored when legend() is called with no argument.
    ax.legend()

-- Docs: https://docs.pytest.org/en/stable/how-to/capture-warnings.html
=========================== short test summary info ===========================
FAILED tests/unit/studies/test_calculated_constants.py::TestCalculatedConstantsInFormulas::test_calculated_constant_with_custom_function
FAILED tests/unit/studies/test_custom_functions.py::TestCustomFunctions::test_simple_function_in_formula
FAILED tests/unit/studies/test_custom_functions.py::TestCustomFunctions::test_function_with_multiple_parameters
FAILED tests/unit/studies/test_custom_functions.py::TestCustomFunctions::test_function_with_constants
FAILED tests/unit/studies/test_custom_functions.py::TestCustomFunctions::test_nested_function_calls
FAILED tests/unit/studies/test_custom_functions.py::TestCustomFunctions::test_function_with_numpy_functions
================== 6 failed, 239 passed, 1 warning in 14.70s ==================
